<?xml version="1.0" encoding="UTF-8"?>
<!-- Generated by org.testng.reporters.JUnitXMLReporter -->
<testsuite hostname="Zishan-Akhtar" ignored="0" name="Test" tests="1" failures="1" timestamp="18 Jul 2021 08:30:56 GMT" time="1.331" errors="0">
  <testcase name="swipeRight" time="1.262" classname="test.SwipeRight">
    <failure type="org.openqa.selenium.NoSuchElementException" message="An element could not be located on the page using the given search parameters.
For documentation on this error, please visit: https://www.seleniumhq.org/exceptions/no_such_element.html
Build info: version: &amp;apos;3.141.59&amp;apos;, revision: &amp;apos;e82be7d358&amp;apos;, time: &amp;apos;2018-11-14T08:17:03&amp;apos;
System info: host: &amp;apos;ZISHAN-AKHTAR&amp;apos;, ip: &amp;apos;192.168.0.110&amp;apos;, os.name: &amp;apos;Windows 10&amp;apos;, os.arch: &amp;apos;amd64&amp;apos;, os.version: &amp;apos;10.0&amp;apos;, java.version: &amp;apos;1.8.0_231&amp;apos;
Driver info: io.appium.java_client.AppiumDriver
Capabilities {appActivity: com.tinder.activities.Login..., appPackage: com.tinder, databaseEnabled: false, desired: {appActivity: com.tinder.activities.Login..., appPackage: com.tinder, deviceName: Samsung M51, newCommandTimeout: 300, platformName: android, platformVersion: 11, udid: A2QDU17617002044}, deviceApiLevel: 24, deviceManufacturer: HUAWEI, deviceModel: BLN-L22, deviceName: A2QDU17617002044, deviceScreenDensity: 480, deviceScreenSize: 1080x1920, deviceUDID: A2QDU17617002044, javascriptEnabled: true, locationContextEnabled: false, networkConnectionEnabled: true, newCommandTimeout: 300, pixelRatio: 3, platform: LINUX, platformName: Android, platformVersion: 7.0, statBarHeight: 72, takesScreenshot: true, udid: A2QDU17617002044, viewportRect: {height: 1740, left: 0, top: 72, width: 1080}, warnings: {}, webStorageEnabled: false}
Session ID: 5a8a68b0-d761-4f99-ba79-c722866b4ee6
*** Element info: {Using=id, value=com.tinder:id/gamepad_like}">
      <![CDATA[org.openqa.selenium.NoSuchElementException: An element could not be located on the page using the given search parameters.
For documentation on this error, please visit: https://www.seleniumhq.org/exceptions/no_such_element.html
Build info: version: '3.141.59', revision: 'e82be7d358', time: '2018-11-14T08:17:03'
System info: host: 'ZISHAN-AKHTAR', ip: '192.168.0.110', os.name: 'Windows 10', os.arch: 'amd64', os.version: '10.0', java.version: '1.8.0_231'
Driver info: io.appium.java_client.AppiumDriver
Capabilities {appActivity: com.tinder.activities.Login..., appPackage: com.tinder, databaseEnabled: false, desired: {appActivity: com.tinder.activities.Login..., appPackage: com.tinder, deviceName: Samsung M51, newCommandTimeout: 300, platformName: android, platformVersion: 11, udid: A2QDU17617002044}, deviceApiLevel: 24, deviceManufacturer: HUAWEI, deviceModel: BLN-L22, deviceName: A2QDU17617002044, deviceScreenDensity: 480, deviceScreenSize: 1080x1920, deviceUDID: A2QDU17617002044, javascriptEnabled: true, locationContextEnabled: false, networkConnectionEnabled: true, newCommandTimeout: 300, pixelRatio: 3, platform: LINUX, platformName: Android, platformVersion: 7.0, statBarHeight: 72, takesScreenshot: true, udid: A2QDU17617002044, viewportRect: {height: 1740, left: 0, top: 72, width: 1080}, warnings: {}, webStorageEnabled: false}
Session ID: 5a8a68b0-d761-4f99-ba79-c722866b4ee6
*** Element info: {Using=id, value=com.tinder:id/gamepad_like}
at org.openqa.selenium.remote.http.W3CHttpResponseCodec.createException(W3CHttpResponseCodec.java:187)
at org.openqa.selenium.remote.http.W3CHttpResponseCodec.decode(W3CHttpResponseCodec.java:122)
at org.openqa.selenium.remote.http.W3CHttpResponseCodec.decode(W3CHttpResponseCodec.java:49)
at org.openqa.selenium.remote.HttpCommandExecutor.execute(HttpCommandExecutor.java:158)
at io.appium.java_client.remote.AppiumCommandExecutor.execute(AppiumCommandExecutor.java:247)
at org.openqa.selenium.remote.RemoteWebDriver.execute(RemoteWebDriver.java:552)
at io.appium.java_client.DefaultGenericMobileDriver.execute(DefaultGenericMobileDriver.java:41)
at io.appium.java_client.AppiumDriver.execute(AppiumDriver.java:1)
at org.openqa.selenium.remote.RemoteWebDriver.findElement(RemoteWebDriver.java:323)
at io.appium.java_client.DefaultGenericMobileDriver.findElement(DefaultGenericMobileDriver.java:61)
at io.appium.java_client.AppiumDriver.findElement(AppiumDriver.java:1)
at org.openqa.selenium.remote.RemoteWebDriver.findElementById(RemoteWebDriver.java:372)
at io.appium.java_client.DefaultGenericMobileDriver.findElementById(DefaultGenericMobileDriver.java:69)
at io.appium.java_client.AppiumDriver.findElementById(AppiumDriver.java:1)
at org.openqa.selenium.By$ById.findElement(By.java:188)
at org.openqa.selenium.remote.RemoteWebDriver.findElement(RemoteWebDriver.java:315)
at io.appium.java_client.DefaultGenericMobileDriver.findElement(DefaultGenericMobileDriver.java:57)
at io.appium.java_client.AppiumDriver.findElement(AppiumDriver.java:1)
at test.SwipeRight.swipeRight(SwipeRight.java:15)
... Removed 29 stack frames]]>
    </failure>
  </testcase> <!-- swipeRight -->
</testsuite> <!-- Test -->
